<?xml version="1.0" encoding="UTF-8"?>
<!-- Generated by org.testng.reporters.JUnitReportReporter -->
<testsuite hostname="INBASDLP01735" name="testNGTestCases.ScriptForWDDemoFireFox" tests="1" failures="0" timestamp="6 Feb 2017 07:40:20 GMT" time="16.973" errors="0">
  <testcase name="verifyHomePageTitle" time="16.973" classname="testNGTestCases.ScriptForWDDemoFireFox"/>
</testsuite> <!-- testNGTestCases.ScriptForWDDemoFireFox -->
