<?xml version="1.0" encoding="UTF-8"?>
<!-- Generated by org.testng.reporters.JUnitReportReporter -->
<testsuite hostname="INBASDLP01735" name="testNGTestCases.WDDemoForScreenshot" tests="1" failures="0" timestamp="28 Feb 2017 07:36:32 GMT" time="14.931" errors="0">
  <testcase name="testTakeScreenShot" time="14.931" classname="testNGTestCases.WDDemoForScreenshot"/>
</testsuite> <!-- testNGTestCases.WDDemoForScreenshot -->
