<?xml version="1.0" encoding="UTF-8"?>
<!-- Generated by org.testng.reporters.JUnitReportReporter -->
<testsuite hostname="INBASDLP01735" name="testNGTestCases.TestNGScriptForWebDriverDemoWithFireFox" tests="1" failures="0" timestamp="12 Feb 2016 05:09:04 GMT" time="38.266" errors="0">
  <testcase name="verifyHomePageTitle" time="38.266" classname="testNGTestCases.TestNGScriptForWebDriverDemoWithFireFox"/>
</testsuite> <!-- testNGTestCases.TestNGScriptForWebDriverDemoWithFireFox -->
