<?xml version="1.0" encoding="UTF-8"?>
<!-- Generated by org.testng.reporters.JUnitReportReporter -->
<testsuite hostname="INBASDLP01735" name="testNGTestCases.TestNGScriptForMultipleTests1" tests="3" failures="0" timestamp="5 Feb 2016 17:39:25 GMT" time="0.048" errors="0">
  <testcase name="testA" time="0.045" classname="testNGTestCases.TestNGScriptForMultipleTests1"/>
  <testcase name="testC" time="0.002" classname="testNGTestCases.TestNGScriptForMultipleTests1"/>
  <testcase name="testB" time="0.001" classname="testNGTestCases.TestNGScriptForMultipleTests1"/>
</testsuite> <!-- testNGTestCases.TestNGScriptForMultipleTests1 -->
