<?xml version="1.0" encoding="UTF-8"?>
<!-- Generated by org.testng.reporters.JUnitReportReporter -->
<testsuite hostname="INBASDLP01735" name="testNGTestCases.NewTestCaseClass" tests="1" failures="0" timestamp="23 Dec 2016 10:08:45 GMT" time="0.105" errors="0">
  <testcase name="testForTitle" time="0.105" classname="testNGTestCases.NewTestCaseClass"/>
</testsuite> <!-- testNGTestCases.NewTestCaseClass -->
