<?xml version="1.0" encoding="UTF-8"?>
<!-- Generated by org.testng.reporters.JUnitReportReporter -->
<testsuite hostname="INBASDLP01735" name="testNGTestCases.WebDriverDemoForScreenshot" tests="1" failures="0" timestamp="29 Jan 2016 12:11:31 GMT" time="18.052" errors="0">
  <testcase name="testTakeScreenShot" time="18.052" classname="testNGTestCases.WebDriverDemoForScreenshot"/>
</testsuite> <!-- testNGTestCases.WebDriverDemoForScreenshot -->
