<?xml version="1.0" encoding="UTF-8"?>
<!-- Generated by org.testng.reporters.JUnitReportReporter -->
<testsuite hostname="INBASDLP01735" name="testNGTestCases.FirstTestNGFile" tests="1" failures="0" timestamp="28 Feb 2017 07:18:44 GMT" time="23.672" errors="0">
  <testcase name="f" time="23.672" classname="testNGTestCases.FirstTestNGFile"/>
</testsuite> <!-- testNGTestCases.FirstTestNGFile -->
