<?xml version="1.0" encoding="UTF-8"?>
<!-- Generated by org.testng.reporters.JUnitReportReporter -->
<testsuite hostname="INBASDLP01735" name="testNGTestCases.TestNGScriptForAnnotationSequence" tests="1" failures="0" timestamp="26 Nov 2015 05:08:58 GMT" time="5.101" errors="0">
  <testcase name="verifyHomePageTitle" time="5.101" classname="testNGTestCases.TestNGScriptForAnnotationSequence"/>
</testsuite> <!-- testNGTestCases.TestNGScriptForAnnotationSequence -->
