<?xml version="1.0" encoding="UTF-8"?>
<!-- Generated by org.testng.reporters.JUnitReportReporter -->
<testsuite hostname="INBASDLP01735" name="testNGTestCases.ScriptForMultipleTests1" tests="3" failures="0" timestamp="28 Feb 2017 07:30:53 GMT" time="0.032" errors="0">
  <testcase name="testA" time="0.032" classname="testNGTestCases.ScriptForMultipleTests1"/>
  <testcase name="testC" time="0.000" classname="testNGTestCases.ScriptForMultipleTests1"/>
  <testcase name="testB" time="0.000" classname="testNGTestCases.ScriptForMultipleTests1"/>
</testsuite> <!-- testNGTestCases.ScriptForMultipleTests1 -->
