<?xml version="1.0" encoding="UTF-8"?>
<!-- Generated by org.testng.reporters.JUnitReportReporter -->
<testsuite hostname="MyComputer" name="testNG.TestEmployeeDetails" tests="2" failures="0" timestamp="13 Aug 2016 15:16:53 GMT" time="0.091" errors="0">
  <testcase name="testCalculateYearlySalary" time="0.012" classname="testNG.TestEmployeeDetails"/>
  <testcase name="testCalculateAppriasal" time="0.079" classname="testNG.TestEmployeeDetails"/>
</testsuite> <!-- testNG.TestEmployeeDetails -->
