<?xml version="1.0" encoding="UTF-8"?>
<!-- Generated by org.testng.reporters.JUnitReportReporter -->
<testsuite hostname="MyComputer" name="testNGTestSuite.Test1" tests="1" failures="0" timestamp="25 Jul 2016 17:58:09 GMT" time="0.055" errors="0">
  <testcase name="testPrintMessage" time="0.055" classname="testNGTestSuite.Test1"/>
</testsuite> <!-- testNGTestSuite.Test1 -->
