<?xml version="1.0" encoding="UTF-8"?>
<!-- Generated by org.testng.reporters.JUnitReportReporter -->
<testsuite hostname="MyComputer" name="testNGAnnotationstest.TestngAnnotation" tests="2" failures="0" timestamp="25 Jul 2016 17:13:46 GMT" time="0.031" errors="0">
  <testcase name="testCase1" time="0.015" classname="testNGAnnotationstest.TestngAnnotation"/>
  <testcase name="testCase2" time="0.016" classname="testNGAnnotationstest.TestngAnnotation"/>
</testsuite> <!-- testNGAnnotationstest.TestngAnnotation -->
