<?xml version="1.0" encoding="UTF-8"?>
<!-- Generated by org.testng.reporters.JUnitReportReporter -->
<testsuite hostname="MyComputer" name="guru99Reporting.TestGuru99RealReport" tests="1" failures="0" timestamp="2 Nov 2016 17:01:26 GMT" time="0.032" errors="0">
  <testcase name="testRealReport1" time="0.032" classname="guru99Reporting.TestGuru99RealReport"/>
</testsuite> <!-- guru99Reporting.TestGuru99RealReport -->
